<?xml version="1.0" encoding="UTF-8"?>
<testsuite xmlns:xsi="http://www.w3.org/2001/XMLSchema-instance" xsi:noNamespaceSchemaLocation="https://maven.apache.org/surefire/maven-surefire-plugin/xsd/surefire-test-report.xsd" version="3.0.2" name="com.accenture.service.BranchServiceTest" time="0.491" tests="2" errors="0" skipped="0" failures="0">
  <properties>
[...]
</properties>
  <testcase name="addBranchToFranchise_Success" classname="com.accenture.service.BranchServiceTest" time="0.481">
    <system-out><![CDATA[2025-12-23T20:08:18.876-05:00  INFO 26952 --- [franchise-api] [           main] c.accenture.service.BranchServiceImpl    : Adding branch 'Branch A' to franchise id 1
]]></system-out>
  </testcase>
  <testcase name="updateBranch_Success" classname="com.accenture.service.BranchServiceTest" time="0.008">
    <system-out><![CDATA[2025-12-23T20:08:18.953-05:00  INFO 26952 --- [franchise-api] [           main] c.accenture.service.BranchServiceImpl    : Updating branch id 1 with name: Updated Branch
]]></system-out>
  </testcase>
</testsuite>